<!DOCTYPE html>

<html>
  <head>
  <meta charset='utf-8'>
  <title>TestNG reports</title>

    <link type="text/css" href="testng-reports1.css" rel="stylesheet" id="ultra" />
    <link type="text/css" href="testng-reports.css" rel="stylesheet" id="retro" disabled="false"/>
    <script type="text/javascript" src="jquery-3.6.0.min.js"></script>
    <script type="text/javascript" src="testng-reports.js"></script>
    <script type="text/javascript" src="https://www.google.com/jsapi"></script>
    <script type='text/javascript'>
      google.load('visualization', '1', {packages:['table']});
      google.setOnLoadCallback(drawTable);
      var suiteTableInitFunctions = new Array();
      var suiteTableData = new Array();
    </script>
    <!--
      <script type="text/javascript" src="jquery-ui/js/jquery-ui-1.8.16.custom.min.js"></script>
     -->
  </head>

  <body>    <div class="top-banner-root">
      <span class="top-banner-title-font">Test results</span>
      <button id="button" class="button">Switch Retro Theme</button> <!-- button -->
      <br/>
      <span class="top-banner-font-1">1 suite, 1 failed test</span>
    </div> <!-- top-banner-root -->
    <div class="navigator-root">
      <div class="navigator-suite-header">
        <span>All suites</span>
        <a href="#" title="Collapse/expand all the suites" class="collapse-all-link">
          <img src="collapseall.gif" class="collapse-all-icon">
          </img> <!-- collapse-all-icon -->
        </a> <!-- collapse-all-link -->
      </div> <!-- navigator-suite-header -->
      <div class="suite">
        <div class="rounded-window">
          <div class="suite-header light-rounded-window-top">
            <a href="#" panel-name="suite-Command_line_suite" class="navigator-link">
              <span class="suite-name border-failed">Command line suite</span>
            </a> <!-- navigator-link -->
          </div> <!-- suite-header light-rounded-window-top -->
          <div class="navigator-suite-content">
            <div class="suite-section-title">
              <span>Info</span>
            </div> <!-- suite-section-title -->
            <div class="suite-section-content">
              <ul>
                <li>
                  <a href="#" panel-name="test-xml-Command_line_suite" class="navigator-link ">
                    <span>[unset file name]</span>
                  </a> <!-- navigator-link  -->
                </li>
                <li>
                  <a href="#" panel-name="testlist-Command_line_suite" class="navigator-link ">
                    <span class="test-stats">1 test</span>
                  </a> <!-- navigator-link  -->
                </li>
                <li>
                  <a href="#" panel-name="group-Command_line_suite" class="navigator-link ">
                    <span>0 groups</span>
                  </a> <!-- navigator-link  -->
                </li>
                <li>
                  <a href="#" panel-name="times-Command_line_suite" class="navigator-link ">
                    <span>Times</span>
                  </a> <!-- navigator-link  -->
                </li>
                <li>
                  <a href="#" panel-name="reporter-Command_line_suite" class="navigator-link ">
                    <span>Reporter output</span>
                  </a> <!-- navigator-link  -->
                </li>
                <li>
                  <a href="#" panel-name="ignored-methods-Command_line_suite" class="navigator-link ">
                    <span>Ignored methods</span>
                  </a> <!-- navigator-link  -->
                </li>
                <li>
                  <a href="#" panel-name="chronological-Command_line_suite" class="navigator-link ">
                    <span>Chronological view</span>
                  </a> <!-- navigator-link  -->
                </li>
              </ul>
            </div> <!-- suite-section-content -->
            <div class="result-section">
              <div class="suite-section-title">
                <span>Results</span>
              </div> <!-- suite-section-title -->
              <div class="suite-section-content">
                <ul>
                  <li>
                    <span class="method-stats">15 methods, 1 failed,  3 skipped,  11 passed</span>
                  </li>
                  <li>
                    <span class="method-list-title failed">Failed methods</span>
                    <span class="show-or-hide-methods failed">
                      <a href="#" panel-name="suite-Command_line_suite" class="hide-methods failed suite-Command_line_suite"> (hide)</a> <!-- hide-methods failed suite-Command_line_suite -->
                      <a href="#" panel-name="suite-Command_line_suite" class="show-methods failed suite-Command_line_suite"> (show)</a> <!-- show-methods failed suite-Command_line_suite -->
                    </span>
                    <div class="method-list-content failed suite-Command_line_suite">
                      <span>
                        <img src="failed.png" width="3%"/>
                        <a href="#" panel-name="suite-Command_line_suite" title="TestCases.ElementsPagesTest.ButtonsTest" class="method navigator-link" hash-for-method="TC_003_Click_RightClick">TC_003_Click_RightClick</a> <!-- method navigator-link -->
                      </span>
                      <br/>
                    </div> <!-- method-list-content failed suite-Command_line_suite -->
                  </li>
                  <li>
                    <span class="method-list-title skipped">Skipped methods</span>
                    <span class="show-or-hide-methods skipped">
                      <a href="#" panel-name="suite-Command_line_suite" class="hide-methods skipped suite-Command_line_suite"> (hide)</a> <!-- hide-methods skipped suite-Command_line_suite -->
                      <a href="#" panel-name="suite-Command_line_suite" class="show-methods skipped suite-Command_line_suite"> (show)</a> <!-- show-methods skipped suite-Command_line_suite -->
                    </span>
                    <div class="method-list-content skipped suite-Command_line_suite">
                      <span>
                        <img src="skipped.png" width="3%"/>
                        <a href="#" panel-name="suite-Command_line_suite" title="TestCases.ElementsPagesTest.CheckBoxTest" class="method navigator-link" hash-for-method="TC_0001_Check_HomeBox_And_Verify_HomeBox_Checked">TC_0001_Check_HomeBox_And_Verify_HomeBox_Checked</a> <!-- method navigator-link -->
                      </span>
                      <br/>
                      <span>
                        <img src="skipped.png" width="3%"/>
                        <a href="#" panel-name="suite-Command_line_suite" title="TestCases.ElementsPagesTest.CheckBoxTest" class="method navigator-link" hash-for-method="TC_0002_CheckOfficeBox_And_Verify_OfficeBox_Checked">TC_0002_CheckOfficeBox_And_Verify_OfficeBox_Checked</a> <!-- method navigator-link -->
                      </span>
                      <br/>
                      <span>
                        <img src="skipped.png" width="3%"/>
                        <a href="#" panel-name="suite-Command_line_suite" title="TestCases.ElementsPagesTest.ButtonsTest" class="method navigator-link" hash-for-method="TC_004_Click_ClickMe">TC_004_Click_ClickMe</a> <!-- method navigator-link -->
                      </span>
                      <br/>
                    </div> <!-- method-list-content skipped suite-Command_line_suite -->
                  </li>
                  <li>
                    <span class="method-list-title passed">Passed methods</span>
                    <span class="show-or-hide-methods passed">
                      <a href="#" panel-name="suite-Command_line_suite" class="hide-methods passed suite-Command_line_suite"> (hide)</a> <!-- hide-methods passed suite-Command_line_suite -->
                      <a href="#" panel-name="suite-Command_line_suite" class="show-methods passed suite-Command_line_suite"> (show)</a> <!-- show-methods passed suite-Command_line_suite -->
                    </span>
                    <div class="method-list-content passed suite-Command_line_suite">
                      <span>
                        <img src="passed.png" width="3%"/>
                        <a href="#" panel-name="suite-Command_line_suite" title="TestCases.ElementsPagesTest.LinksTest" class="method navigator-link" hash-for-method="TC_001">TC_001</a> <!-- method navigator-link -->
                      </span>
                      <br/>
                      <span>
                        <img src="passed.png" width="3%"/>
                        <a href="#" panel-name="suite-Command_line_suite" title="TestCases.ElementsPagesTest.RadioButtonTest" class="method navigator-link" hash-for-method="TC_001">TC_001</a> <!-- method navigator-link -->
                      </span>
                      <br/>
                      <span>
                        <img src="passed.png" width="3%"/>
                        <a href="#" panel-name="suite-Command_line_suite" title="TestCases.ElementsPagesTest.ButtonsTest" class="method navigator-link" hash-for-method="TC_001_Click_3Buttons_respectively">TC_001_Click_3Buttons_respectively</a> <!-- method navigator-link -->
                      </span>
                      <br/>
                      <span>
                        <img src="passed.png" width="3%"/>
                        <a href="#" panel-name="suite-Command_line_suite" title="TestCases.ElementsPagesTest.TextBoxTest" class="method navigator-link" hash-for-method="TC_001_Submit_TextBox_with_fullInformation_Successfully">TC_001_Submit_TextBox_with_fullInformation_Successfully</a> <!-- method navigator-link -->
                      </span>
                      <br/>
                      <span>
                        <img src="passed.png" width="3%"/>
                        <a href="#" panel-name="suite-Command_line_suite" title="TestCases.ElementsPagesTest.UploadDownloadTest" class="method navigator-link" hash-for-method="TC_001_UploadFileSuccessfully">TC_001_UploadFileSuccessfully</a> <!-- method navigator-link -->
                      </span>
                      <br/>
                      <span>
                        <img src="passed.png" width="3%"/>
                        <a href="#" panel-name="suite-Command_line_suite" title="TestCases.ElementsPagesTest.DynamicPropertiesTest" class="method navigator-link" hash-for-method="TC_001_verify_EnabledAfter5SButton">TC_001_verify_EnabledAfter5SButton</a> <!-- method navigator-link -->
                      </span>
                      <br/>
                      <span>
                        <img src="passed.png" width="3%"/>
                        <a href="#" panel-name="suite-Command_line_suite" title="TestCases.ElementsPagesTest.ButtonsTest" class="method navigator-link" hash-for-method="TC_002_Click_DoubleClick">TC_002_Click_DoubleClick</a> <!-- method navigator-link -->
                      </span>
                      <br/>
                      <span>
                        <img src="passed.png" width="3%"/>
                        <a href="#" panel-name="suite-Command_line_suite" title="TestCases.ElementsPagesTest.UploadDownloadTest" class="method navigator-link" hash-for-method="TC_002_DownloadFileSuccessfully">TC_002_DownloadFileSuccessfully</a> <!-- method navigator-link -->
                      </span>
                      <br/>
                      <span>
                        <img src="passed.png" width="3%"/>
                        <a href="#" panel-name="suite-Command_line_suite" title="TestCases.ElementsPagesTest.TextBoxTest" class="method navigator-link" hash-for-method="TC_002_Submit_TextBox_without_anyInformation_Successfully">TC_002_Submit_TextBox_without_anyInformation_Successfully</a> <!-- method navigator-link -->
                      </span>
                      <br/>
                      <span>
                        <img src="passed.png" width="3%"/>
                        <a href="#" panel-name="suite-Command_line_suite" title="TestCases.ElementsPagesTest.TextBoxTest" class="method navigator-link" hash-for-method="TC_003_Cannot_Submit_TextBox_with_invalidEmailFormat">TC_003_Cannot_Submit_TextBox_with_invalidEmailFormat</a> <!-- method navigator-link -->
                      </span>
                      <br/>
                      <span>
                        <img src="passed.png" width="3%"/>
                        <a href="#" panel-name="suite-Command_line_suite" title="TestCases.ElementsPagesTest.TextBoxTest" class="method navigator-link" hash-for-method="TC_004_Submit_TextBox_without_FullName_Successfully">TC_004_Submit_TextBox_without_FullName_Successfully</a> <!-- method navigator-link -->
                      </span>
                      <br/>
                    </div> <!-- method-list-content passed suite-Command_line_suite -->
                  </li>
                </ul>
              </div> <!-- suite-section-content -->
            </div> <!-- result-section -->
          </div> <!-- navigator-suite-content -->
        </div> <!-- rounded-window -->
      </div> <!-- suite -->
    </div> <!-- navigator-root -->
    <div class="wrapper">
      <div class="main-panel-root">
        <div panel-name="suite-Command_line_suite" class="panel Command_line_suite">
          <div class="suite-Command_line_suite-class-failed">
            <div class="main-panel-header rounded-window-top">
              <img src="failed.png"/>
              <span class="class-name">TestCases.ElementsPagesTest.ButtonsTest</span>
            </div> <!-- main-panel-header rounded-window-top -->
            <div class="main-panel-content rounded-window-bottom">
              <div class="method">
                <div class="method-content">
                  <a name="TC_003_Click_RightClick">
                  </a> <!-- TC_003_Click_RightClick -->
                  <span class="method-name">TC_003_Click_RightClick</span>
                  <div class="stack-trace">org.openqa.selenium.NoSuchWindowException: no such window: target window already closed
from unknown error: web view not found
  (Session info: chrome=106.0.5249.119)
Build info: version: &apos;4.3.0&apos;, revision: &apos;a4995e2c09*&apos;
System info: host: &apos;DTVINH&apos;, ip: &apos;192.168.56.1&apos;, os.name: &apos;Windows 10&apos;, os.arch: &apos;amd64&apos;, os.version: &apos;10.0&apos;, java.version: &apos;15.0.2&apos;
Driver info: org.openqa.selenium.chrome.ChromeDriver
Command: [c36030ee3598091ffd94e16ed92d0098, findElement {using=id, value=rightClickBtn}]
Capabilities {acceptInsecureCerts: false, browserName: chrome, browserVersion: 106.0.5249.119, chrome: {chromedriverVersion: 105.0.5195.52 (412c95e51883..., userDataDir: C:\Users\dtvinh\AppData\Loc...}, goog:chromeOptions: {debuggerAddress: localhost:64525}, networkConnectionEnabled: false, pageLoadStrategy: normal, platformName: WINDOWS, proxy: Proxy(), se:cdp: ws://localhost:64525/devtoo..., se:cdpVersion: 106.0.5249.119, setWindowRect: true, strictFileInteractability: false, timeouts: {implicit: 0, pageLoad: 300000, script: 30000}, unhandledPromptBehavior: dismiss and notify, webauthn:extension:credBlob: true, webauthn:extension:largeBlob: true, webauthn:virtualAuthenticators: true}
Session ID: c36030ee3598091ffd94e16ed92d0098
	at org.openqa.selenium.remote.codec.w3c.W3CHttpResponseCodec.createException(W3CHttpResponseCodec.java:200)
	at org.openqa.selenium.remote.codec.w3c.W3CHttpResponseCodec.decode(W3CHttpResponseCodec.java:133)
	at org.openqa.selenium.remote.codec.w3c.W3CHttpResponseCodec.decode(W3CHttpResponseCodec.java:53)
	at org.openqa.selenium.remote.HttpCommandExecutor.execute(HttpCommandExecutor.java:184)
	at org.openqa.selenium.remote.service.DriverCommandExecutor.invokeExecute(DriverCommandExecutor.java:167)
	at org.openqa.selenium.remote.service.DriverCommandExecutor.execute(DriverCommandExecutor.java:142)
	at org.openqa.selenium.remote.RemoteWebDriver.execute(RemoteWebDriver.java:569)
	at org.openqa.selenium.remote.ElementLocation$ElementFinder$2.findElement(ElementLocation.java:162)
	at org.openqa.selenium.remote.ElementLocation.findElement(ElementLocation.java:60)
	at org.openqa.selenium.remote.RemoteWebDriver.findElement(RemoteWebDriver.java:387)
	at org.openqa.selenium.remote.RemoteWebDriver.findElement(RemoteWebDriver.java:379)
	at Pages.ElementsPages.ButtonsPage.clickRightClick(ButtonsPage.java:39)
	at TestCases.ElementsPagesTest.ButtonsTest.TC_003_Click_RightClick(ButtonsTest.java:55)
	at java.base/java.util.ArrayList.forEach(ArrayList.java:1511)
... Removed 42 stack frames
</div> <!-- stack-trace -->
                </div> <!-- method-content -->
              </div> <!-- method -->
            </div> <!-- main-panel-content rounded-window-bottom -->
          </div> <!-- suite-Command_line_suite-class-failed -->
          <div class="suite-Command_line_suite-class-skipped">
            <div class="main-panel-header rounded-window-top">
              <img src="skipped.png"/>
              <span class="class-name">TestCases.ElementsPagesTest.CheckBoxTest</span>
            </div> <!-- main-panel-header rounded-window-top -->
            <div class="main-panel-content rounded-window-bottom">
              <div class="method">
                <div class="method-content">
                  <a name="TC_0001_Check_HomeBox_And_Verify_HomeBox_Checked">
                  </a> <!-- TC_0001_Check_HomeBox_And_Verify_HomeBox_Checked -->
                  <span class="method-name">TC_0001_Check_HomeBox_And_Verify_HomeBox_Checked</span>
                  <div class="stack-trace">org.openqa.selenium.TimeoutException: Expected condition failed: waiting for visibility of element located by By.xpath: //h5[normalize-space()=&apos;Elements&apos;] (tried for 20 second(s) with 500 milliseconds interval)
	at org.openqa.selenium.support.ui.WebDriverWait.timeoutException(WebDriverWait.java:87)
	at org.openqa.selenium.support.ui.FluentWait.until(FluentWait.java:231)
	at Pages.DashboardPage.clickElements_btn(DashboardPage.java:28)
	at TestCases.ElementsPagesTest.CheckBoxTest.setupTest(CheckBoxTest.java:22)
	at java.base/java.util.ArrayList.forEach(ArrayList.java:1511)
Caused by: org.openqa.selenium.NoSuchWindowException: no such window: target window already closed
from unknown error: web view not found
  (Session info: chrome=106.0.5249.119)
Build info: version: &apos;4.3.0&apos;, revision: &apos;a4995e2c09*&apos;
System info: host: &apos;DTVINH&apos;, ip: &apos;192.168.56.1&apos;, os.name: &apos;Windows 10&apos;, os.arch: &apos;amd64&apos;, os.version: &apos;10.0&apos;, java.version: &apos;15.0.2&apos;
Driver info: org.openqa.selenium.chrome.ChromeDriver
Command: [1d22aa84f8b8c820f41cda705f45ad83, findElement {using=xpath, value=//h5[normalize-space()=&apos;Elements&apos;]}]
Capabilities {acceptInsecureCerts: false, browserName: chrome, browserVersion: 106.0.5249.119, chrome: {chromedriverVersion: 105.0.5195.52 (412c95e51883..., userDataDir: C:\Users\dtvinh\AppData\Loc...}, goog:chromeOptions: {debuggerAddress: localhost:64655}, networkConnectionEnabled: false, pageLoadStrategy: normal, platformName: WINDOWS, proxy: Proxy(), se:cdp: ws://localhost:64655/devtoo..., se:cdpVersion: 106.0.5249.119, setWindowRect: true, strictFileInteractability: false, timeouts: {implicit: 0, pageLoad: 300000, script: 30000}, unhandledPromptBehavior: dismiss and notify, webauthn:extension:credBlob: true, webauthn:extension:largeBlob: true, webauthn:virtualAuthenticators: true}
Session ID: 1d22aa84f8b8c820f41cda705f45ad83
	at org.openqa.selenium.remote.codec.w3c.W3CHttpResponseCodec.createException(W3CHttpResponseCodec.java:200)
	at org.openqa.selenium.remote.codec.w3c.W3CHttpResponseCodec.decode(W3CHttpResponseCodec.java:133)
	at org.openqa.selenium.remote.codec.w3c.W3CHttpResponseCodec.decode(W3CHttpResponseCodec.java:53)
	at org.openqa.selenium.remote.HttpCommandExecutor.execute(HttpCommandExecutor.java:184)
	at org.openqa.selenium.remote.service.DriverCommandExecutor.invokeExecute(DriverCommandExecutor.java:167)
	at org.openqa.selenium.remote.service.DriverCommandExecutor.execute(DriverCommandExecutor.java:142)
	at org.openqa.selenium.remote.RemoteWebDriver.execute(RemoteWebDriver.java:569)
	at org.openqa.selenium.remote.ElementLocation$ElementFinder$2.findElement(ElementLocation.java:162)
	at org.openqa.selenium.remote.ElementLocation.findElement(ElementLocation.java:60)
	at org.openqa.selenium.remote.RemoteWebDriver.findElement(RemoteWebDriver.java:387)
	at org.openqa.selenium.remote.RemoteWebDriver.findElement(RemoteWebDriver.java:379)
	at org.openqa.selenium.support.ui.ExpectedConditions$7.apply(ExpectedConditions.java:197)
	at org.openqa.selenium.support.ui.ExpectedConditions$7.apply(ExpectedConditions.java:193)
	at org.openqa.selenium.support.ui.FluentWait.until(FluentWait.java:208)
	... 38 more
... Removed 39 stack frames
</div> <!-- stack-trace -->
                </div> <!-- method-content -->
              </div> <!-- method -->
              <div class="method">
                <div class="method-content">
                  <a name="TC_0002_CheckOfficeBox_And_Verify_OfficeBox_Checked">
                  </a> <!-- TC_0002_CheckOfficeBox_And_Verify_OfficeBox_Checked -->
                  <span class="method-name">TC_0002_CheckOfficeBox_And_Verify_OfficeBox_Checked</span>
                  <div class="stack-trace">org.openqa.selenium.TimeoutException: Expected condition failed: waiting for visibility of element located by By.xpath: //h5[normalize-space()=&apos;Elements&apos;] (tried for 20 second(s) with 500 milliseconds interval)
	at org.openqa.selenium.support.ui.WebDriverWait.timeoutException(WebDriverWait.java:87)
	at org.openqa.selenium.support.ui.FluentWait.until(FluentWait.java:231)
	at Pages.DashboardPage.clickElements_btn(DashboardPage.java:28)
	at TestCases.ElementsPagesTest.CheckBoxTest.setupTest(CheckBoxTest.java:22)
	at java.base/java.util.ArrayList.forEach(ArrayList.java:1511)
Caused by: org.openqa.selenium.NoSuchWindowException: no such window: target window already closed
from unknown error: web view not found
  (Session info: chrome=106.0.5249.119)
Build info: version: &apos;4.3.0&apos;, revision: &apos;a4995e2c09*&apos;
System info: host: &apos;DTVINH&apos;, ip: &apos;192.168.56.1&apos;, os.name: &apos;Windows 10&apos;, os.arch: &apos;amd64&apos;, os.version: &apos;10.0&apos;, java.version: &apos;15.0.2&apos;
Driver info: org.openqa.selenium.chrome.ChromeDriver
Command: [1d22aa84f8b8c820f41cda705f45ad83, findElement {using=xpath, value=//h5[normalize-space()=&apos;Elements&apos;]}]
Capabilities {acceptInsecureCerts: false, browserName: chrome, browserVersion: 106.0.5249.119, chrome: {chromedriverVersion: 105.0.5195.52 (412c95e51883..., userDataDir: C:\Users\dtvinh\AppData\Loc...}, goog:chromeOptions: {debuggerAddress: localhost:64655}, networkConnectionEnabled: false, pageLoadStrategy: normal, platformName: WINDOWS, proxy: Proxy(), se:cdp: ws://localhost:64655/devtoo..., se:cdpVersion: 106.0.5249.119, setWindowRect: true, strictFileInteractability: false, timeouts: {implicit: 0, pageLoad: 300000, script: 30000}, unhandledPromptBehavior: dismiss and notify, webauthn:extension:credBlob: true, webauthn:extension:largeBlob: true, webauthn:virtualAuthenticators: true}
Session ID: 1d22aa84f8b8c820f41cda705f45ad83
	at org.openqa.selenium.remote.codec.w3c.W3CHttpResponseCodec.createException(W3CHttpResponseCodec.java:200)
	at org.openqa.selenium.remote.codec.w3c.W3CHttpResponseCodec.decode(W3CHttpResponseCodec.java:133)
	at org.openqa.selenium.remote.codec.w3c.W3CHttpResponseCodec.decode(W3CHttpResponseCodec.java:53)
	at org.openqa.selenium.remote.HttpCommandExecutor.execute(HttpCommandExecutor.java:184)
	at org.openqa.selenium.remote.service.DriverCommandExecutor.invokeExecute(DriverCommandExecutor.java:167)
	at org.openqa.selenium.remote.service.DriverCommandExecutor.execute(DriverCommandExecutor.java:142)
	at org.openqa.selenium.remote.RemoteWebDriver.execute(RemoteWebDriver.java:569)
	at org.openqa.selenium.remote.ElementLocation$ElementFinder$2.findElement(ElementLocation.java:162)
	at org.openqa.selenium.remote.ElementLocation.findElement(ElementLocation.java:60)
	at org.openqa.selenium.remote.RemoteWebDriver.findElement(RemoteWebDriver.java:387)
	at org.openqa.selenium.remote.RemoteWebDriver.findElement(RemoteWebDriver.java:379)
	at org.openqa.selenium.support.ui.ExpectedConditions$7.apply(ExpectedConditions.java:197)
	at org.openqa.selenium.support.ui.ExpectedConditions$7.apply(ExpectedConditions.java:193)
	at org.openqa.selenium.support.ui.FluentWait.until(FluentWait.java:208)
	... 38 more
... Removed 39 stack frames
</div> <!-- stack-trace -->
                </div> <!-- method-content -->
              </div> <!-- method -->
            </div> <!-- main-panel-content rounded-window-bottom -->
          </div> <!-- suite-Command_line_suite-class-skipped -->
          <div class="suite-Command_line_suite-class-skipped">
            <div class="main-panel-header rounded-window-top">
              <img src="skipped.png"/>
              <span class="class-name">TestCases.ElementsPagesTest.ButtonsTest</span>
            </div> <!-- main-panel-header rounded-window-top -->
            <div class="main-panel-content rounded-window-bottom">
              <div class="method">
                <div class="method-content">
                  <a name="TC_004_Click_ClickMe">
                  </a> <!-- TC_004_Click_ClickMe -->
                  <span class="method-name">TC_004_Click_ClickMe</span>
                  <div class="stack-trace">org.openqa.selenium.NoSuchWindowException: no such window: target window already closed
from unknown error: web view not found
  (Session info: chrome=106.0.5249.119)
Build info: version: &apos;4.3.0&apos;, revision: &apos;a4995e2c09*&apos;
System info: host: &apos;DTVINH&apos;, ip: &apos;192.168.56.1&apos;, os.name: &apos;Windows 10&apos;, os.arch: &apos;amd64&apos;, os.version: &apos;10.0&apos;, java.version: &apos;15.0.2&apos;
Driver info: org.openqa.selenium.chrome.ChromeDriver
Command: [c36030ee3598091ffd94e16ed92d0098, refresh {}]
Capabilities {acceptInsecureCerts: false, browserName: chrome, browserVersion: 106.0.5249.119, chrome: {chromedriverVersion: 105.0.5195.52 (412c95e51883..., userDataDir: C:\Users\dtvinh\AppData\Loc...}, goog:chromeOptions: {debuggerAddress: localhost:64525}, networkConnectionEnabled: false, pageLoadStrategy: normal, platformName: WINDOWS, proxy: Proxy(), se:cdp: ws://localhost:64525/devtoo..., se:cdpVersion: 106.0.5249.119, setWindowRect: true, strictFileInteractability: false, timeouts: {implicit: 0, pageLoad: 300000, script: 30000}, unhandledPromptBehavior: dismiss and notify, webauthn:extension:credBlob: true, webauthn:extension:largeBlob: true, webauthn:virtualAuthenticators: true}
Session ID: c36030ee3598091ffd94e16ed92d0098
	at org.openqa.selenium.remote.codec.w3c.W3CHttpResponseCodec.createException(W3CHttpResponseCodec.java:200)
	at org.openqa.selenium.remote.codec.w3c.W3CHttpResponseCodec.decode(W3CHttpResponseCodec.java:133)
	at org.openqa.selenium.remote.codec.w3c.W3CHttpResponseCodec.decode(W3CHttpResponseCodec.java:53)
	at org.openqa.selenium.remote.HttpCommandExecutor.execute(HttpCommandExecutor.java:184)
	at org.openqa.selenium.remote.service.DriverCommandExecutor.invokeExecute(DriverCommandExecutor.java:167)
	at org.openqa.selenium.remote.service.DriverCommandExecutor.execute(DriverCommandExecutor.java:142)
	at org.openqa.selenium.remote.RemoteWebDriver.execute(RemoteWebDriver.java:569)
	at org.openqa.selenium.remote.RemoteWebDriver.execute(RemoteWebDriver.java:624)
	at org.openqa.selenium.remote.RemoteWebDriver.execute(RemoteWebDriver.java:628)
	at org.openqa.selenium.remote.RemoteWebDriver$RemoteNavigation.refresh(RemoteWebDriver.java:1066)
	at TestCases.ElementsPagesTest.ButtonsTest.refreshWindow(ButtonsTest.java:29)
	at java.base/java.util.ArrayList.forEach(ArrayList.java:1511)
... Removed 47 stack frames
</div> <!-- stack-trace -->
                </div> <!-- method-content -->
              </div> <!-- method -->
            </div> <!-- main-panel-content rounded-window-bottom -->
          </div> <!-- suite-Command_line_suite-class-skipped -->
          <div class="suite-Command_line_suite-class-passed">
            <div class="main-panel-header rounded-window-top">
              <img src="passed.png"/>
              <span class="class-name">TestCases.ElementsPagesTest.LinksTest</span>
            </div> <!-- main-panel-header rounded-window-top -->
            <div class="main-panel-content rounded-window-bottom">
              <div class="method">
                <div class="method-content">
                  <a name="TC_001">
                  </a> <!-- TC_001 -->
                  <span class="method-name">TC_001</span>
                </div> <!-- method-content -->
              </div> <!-- method -->
            </div> <!-- main-panel-content rounded-window-bottom -->
          </div> <!-- suite-Command_line_suite-class-passed -->
          <div class="suite-Command_line_suite-class-passed">
            <div class="main-panel-header rounded-window-top">
              <img src="passed.png"/>
              <span class="class-name">TestCases.ElementsPagesTest.RadioButtonTest</span>
            </div> <!-- main-panel-header rounded-window-top -->
            <div class="main-panel-content rounded-window-bottom">
              <div class="method">
                <div class="method-content">
                  <a name="TC_001">
                  </a> <!-- TC_001 -->
                  <span class="method-name">TC_001</span>
                  <em>
(Select Yes, Impressive and verify both of them selected respectively. Then select No, verify the text still shows Impressive, because No can not be selected.)                  </em>
                </div> <!-- method-content -->
              </div> <!-- method -->
            </div> <!-- main-panel-content rounded-window-bottom -->
          </div> <!-- suite-Command_line_suite-class-passed -->
          <div class="suite-Command_line_suite-class-passed">
            <div class="main-panel-header rounded-window-top">
              <img src="passed.png"/>
              <span class="class-name">TestCases.ElementsPagesTest.DynamicPropertiesTest</span>
            </div> <!-- main-panel-header rounded-window-top -->
            <div class="main-panel-content rounded-window-bottom">
              <div class="method">
                <div class="method-content">
                  <a name="TC_001_verify_EnabledAfter5SButton">
                  </a> <!-- TC_001_verify_EnabledAfter5SButton -->
                  <span class="method-name">TC_001_verify_EnabledAfter5SButton</span>
                </div> <!-- method-content -->
              </div> <!-- method -->
            </div> <!-- main-panel-content rounded-window-bottom -->
          </div> <!-- suite-Command_line_suite-class-passed -->
          <div class="suite-Command_line_suite-class-passed">
            <div class="main-panel-header rounded-window-top">
              <img src="passed.png"/>
              <span class="class-name">TestCases.ElementsPagesTest.UploadDownloadTest</span>
            </div> <!-- main-panel-header rounded-window-top -->
            <div class="main-panel-content rounded-window-bottom">
              <div class="method">
                <div class="method-content">
                  <a name="TC_001_UploadFileSuccessfully">
                  </a> <!-- TC_001_UploadFileSuccessfully -->
                  <span class="method-name">TC_001_UploadFileSuccessfully</span>
                </div> <!-- method-content -->
              </div> <!-- method -->
              <div class="method">
                <div class="method-content">
                  <a name="TC_002_DownloadFileSuccessfully">
                  </a> <!-- TC_002_DownloadFileSuccessfully -->
                  <span class="method-name">TC_002_DownloadFileSuccessfully</span>
                </div> <!-- method-content -->
              </div> <!-- method -->
            </div> <!-- main-panel-content rounded-window-bottom -->
          </div> <!-- suite-Command_line_suite-class-passed -->
          <div class="suite-Command_line_suite-class-passed">
            <div class="main-panel-header rounded-window-top">
              <img src="passed.png"/>
              <span class="class-name">TestCases.ElementsPagesTest.ButtonsTest</span>
            </div> <!-- main-panel-header rounded-window-top -->
            <div class="main-panel-content rounded-window-bottom">
              <div class="method">
                <div class="method-content">
                  <a name="TC_001_Click_3Buttons_respectively">
                  </a> <!-- TC_001_Click_3Buttons_respectively -->
                  <span class="method-name">TC_001_Click_3Buttons_respectively</span>
                  <em>
(Click 3 buttons 'Double Click Me', 'Right Click Me', and 'Click Me' respectively and verify all of them selected )                  </em>
                </div> <!-- method-content -->
              </div> <!-- method -->
              <div class="method">
                <div class="method-content">
                  <a name="TC_002_Click_DoubleClick">
                  </a> <!-- TC_002_Click_DoubleClick -->
                  <span class="method-name">TC_002_Click_DoubleClick</span>
                </div> <!-- method-content -->
              </div> <!-- method -->
            </div> <!-- main-panel-content rounded-window-bottom -->
          </div> <!-- suite-Command_line_suite-class-passed -->
          <div class="suite-Command_line_suite-class-passed">
            <div class="main-panel-header rounded-window-top">
              <img src="passed.png"/>
              <span class="class-name">TestCases.ElementsPagesTest.TextBoxTest</span>
            </div> <!-- main-panel-header rounded-window-top -->
            <div class="main-panel-content rounded-window-bottom">
              <div class="method">
                <div class="method-content">
                  <a name="TC_001_Submit_TextBox_with_fullInformation_Successfully">
                  </a> <!-- TC_001_Submit_TextBox_with_fullInformation_Successfully -->
                  <span class="method-name">TC_001_Submit_TextBox_with_fullInformation_Successfully</span>
                  <em>
(Verify can add submit a TextBox with full valid informations)                  </em>
                </div> <!-- method-content -->
              </div> <!-- method -->
              <div class="method">
                <div class="method-content">
                  <a name="TC_002_Submit_TextBox_without_anyInformation_Successfully">
                  </a> <!-- TC_002_Submit_TextBox_without_anyInformation_Successfully -->
                  <span class="method-name">TC_002_Submit_TextBox_without_anyInformation_Successfully</span>
                  <em>
(Verify nothing happen when click submit without any information)                  </em>
                </div> <!-- method-content -->
              </div> <!-- method -->
              <div class="method">
                <div class="method-content">
                  <a name="TC_003_Cannot_Submit_TextBox_with_invalidEmailFormat">
                  </a> <!-- TC_003_Cannot_Submit_TextBox_with_invalidEmailFormat -->
                  <span class="method-name">TC_003_Cannot_Submit_TextBox_with_invalidEmailFormat</span>
                  <em>
(Verify can not submit a TextBox with  invalid email format - Missing @ character)                  </em>
                </div> <!-- method-content -->
              </div> <!-- method -->
              <div class="method">
                <div class="method-content">
                  <a name="TC_004_Submit_TextBox_without_FullName_Successfully">
                  </a> <!-- TC_004_Submit_TextBox_without_FullName_Successfully -->
                  <span class="method-name">TC_004_Submit_TextBox_without_FullName_Successfully</span>
                  <em>
(Verify can add a TextBox without FullName)                  </em>
                </div> <!-- method-content -->
              </div> <!-- method -->
            </div> <!-- main-panel-content rounded-window-bottom -->
          </div> <!-- suite-Command_line_suite-class-passed -->
        </div> <!-- panel Command_line_suite -->
        <div panel-name="test-xml-Command_line_suite" class="panel">
          <div class="main-panel-header rounded-window-top">
          </div> <!-- main-panel-header rounded-window-top -->
          <div class="main-panel-content rounded-window-bottom">
            <pre>
&lt;?xml version=&quot;1.0&quot; encoding=&quot;UTF-8&quot;?&gt;
&lt;!DOCTYPE suite SYSTEM &quot;https://testng.org/testng-1.0.dtd&quot;&gt;
&lt;suite name=&quot;Command line suite&quot; verbose=&quot;0&quot;&gt;
  &lt;test thread-count=&quot;5&quot; name=&quot;Command line test&quot; verbose=&quot;0&quot;&gt;
    &lt;classes&gt;
      &lt;class name=&quot;TestCases.DashboardTest&quot;/&gt;
      &lt;class name=&quot;TestCases.ElementsPagesTest.ButtonsTest&quot;/&gt;
      &lt;class name=&quot;TestCases.ElementsPagesTest.CheckBoxTest&quot;/&gt;
      &lt;class name=&quot;TestCases.ElementsPagesTest.DynamicPropertiesTest&quot;/&gt;
      &lt;class name=&quot;TestCases.ElementsPagesTest.LinksTest&quot;/&gt;
      &lt;class name=&quot;TestCases.ElementsPagesTest.RadioButtonTest&quot;/&gt;
      &lt;class name=&quot;TestCases.ElementsPagesTest.TextBoxTest&quot;/&gt;
      &lt;class name=&quot;TestCases.ElementsPagesTest.UploadDownloadTest&quot;/&gt;
    &lt;/classes&gt;
  &lt;/test&gt; &lt;!-- Command line test --&gt;
&lt;/suite&gt; &lt;!-- Command line suite --&gt;
            </pre>
          </div> <!-- main-panel-content rounded-window-bottom -->
        </div> <!-- panel -->
        <div panel-name="testlist-Command_line_suite" class="panel">
          <div class="main-panel-header rounded-window-top">
            <span class="header-content">Tests for Command line suite</span>
          </div> <!-- main-panel-header rounded-window-top -->
          <div class="main-panel-content rounded-window-bottom">
            <ul>
              <li>
                <span class="test-name">Command line test (8 classes)</span>
              </li>
            </ul>
          </div> <!-- main-panel-content rounded-window-bottom -->
        </div> <!-- panel -->
        <div panel-name="group-Command_line_suite" class="panel">
          <div class="main-panel-header rounded-window-top">
            <span class="header-content">Groups for Command line suite</span>
          </div> <!-- main-panel-header rounded-window-top -->
          <div class="main-panel-content rounded-window-bottom">
          </div> <!-- main-panel-content rounded-window-bottom -->
        </div> <!-- panel -->
        <div panel-name="times-Command_line_suite" class="panel">
          <div class="main-panel-header rounded-window-top">
            <span class="header-content">Times for Command line suite</span>
          </div> <!-- main-panel-header rounded-window-top -->
          <div class="main-panel-content rounded-window-bottom">
            <div class="times-div">
              <script type="text/javascript">
suiteTableInitFunctions.push('tableData_Command_line_suite');
function tableData_Command_line_suite() {
var data = new google.visualization.DataTable();
data.addColumn('number', 'Number');
data.addColumn('string', 'Method');
data.addColumn('string', 'Class');
data.addColumn('number', 'Time (ms)');
data.addRows(15);
data.setCell(0, 0, 0)
data.setCell(0, 1, 'TC_001_verify_EnabledAfter5SButton')
data.setCell(0, 2, 'TestCases.ElementsPagesTest.DynamicPropertiesTest')
data.setCell(0, 3, 9055);
data.setCell(1, 0, 1)
data.setCell(1, 1, 'TC_002_Submit_TextBox_without_anyInformation_Successfully')
data.setCell(1, 2, 'TestCases.ElementsPagesTest.TextBoxTest')
data.setCell(1, 3, 8689);
data.setCell(2, 0, 2)
data.setCell(2, 1, 'TC_002_DownloadFileSuccessfully')
data.setCell(2, 2, 'TestCases.ElementsPagesTest.UploadDownloadTest')
data.setCell(2, 3, 4064);
data.setCell(3, 0, 3)
data.setCell(3, 1, 'TC_003_Click_RightClick')
data.setCell(3, 2, 'TestCases.ElementsPagesTest.ButtonsTest')
data.setCell(3, 3, 1029);
data.setCell(4, 0, 4)
data.setCell(4, 1, 'TC_001_Click_3Buttons_respectively')
data.setCell(4, 2, 'TestCases.ElementsPagesTest.ButtonsTest')
data.setCell(4, 3, 802);
data.setCell(5, 0, 5)
data.setCell(5, 1, 'TC_004_Submit_TextBox_without_FullName_Successfully')
data.setCell(5, 2, 'TestCases.ElementsPagesTest.TextBoxTest')
data.setCell(5, 3, 576);
data.setCell(6, 0, 6)
data.setCell(6, 1, 'TC_001_Submit_TextBox_with_fullInformation_Successfully')
data.setCell(6, 2, 'TestCases.ElementsPagesTest.TextBoxTest')
data.setCell(6, 3, 479);
data.setCell(7, 0, 7)
data.setCell(7, 1, 'TC_003_Cannot_Submit_TextBox_with_invalidEmailFormat')
data.setCell(7, 2, 'TestCases.ElementsPagesTest.TextBoxTest')
data.setCell(7, 3, 387);
data.setCell(8, 0, 8)
data.setCell(8, 1, 'TC_001')
data.setCell(8, 2, 'TestCases.ElementsPagesTest.RadioButtonTest')
data.setCell(8, 3, 375);
data.setCell(9, 0, 9)
data.setCell(9, 1, 'TC_001')
data.setCell(9, 2, 'TestCases.ElementsPagesTest.LinksTest')
data.setCell(9, 3, 280);
data.setCell(10, 0, 10)
data.setCell(10, 1, 'TC_001_UploadFileSuccessfully')
data.setCell(10, 2, 'TestCases.ElementsPagesTest.UploadDownloadTest')
data.setCell(10, 3, 260);
data.setCell(11, 0, 11)
data.setCell(11, 1, 'TC_002_Click_DoubleClick')
data.setCell(11, 2, 'TestCases.ElementsPagesTest.ButtonsTest')
data.setCell(11, 3, 192);
data.setCell(12, 0, 12)
data.setCell(12, 1, 'TC_004_Click_ClickMe')
data.setCell(12, 2, 'TestCases.ElementsPagesTest.ButtonsTest')
data.setCell(12, 3, 0);
data.setCell(13, 0, 13)
data.setCell(13, 1, 'TC_0001_Check_HomeBox_And_Verify_HomeBox_Checked')
data.setCell(13, 2, 'TestCases.ElementsPagesTest.CheckBoxTest')
data.setCell(13, 3, 0);
data.setCell(14, 0, 14)
data.setCell(14, 1, 'TC_0002_CheckOfficeBox_And_Verify_OfficeBox_Checked')
data.setCell(14, 2, 'TestCases.ElementsPagesTest.CheckBoxTest')
data.setCell(14, 3, 0);
window.suiteTableData['Command_line_suite']= { tableData: data, tableDiv: 'times-div-Command_line_suite'}
return data;
}
              </script>
              <span class="suite-total-time">Total running time: 26 seconds</span>
              <div id="times-div-Command_line_suite">
              </div> <!-- times-div-Command_line_suite -->
            </div> <!-- times-div -->
          </div> <!-- main-panel-content rounded-window-bottom -->
        </div> <!-- panel -->
        <div panel-name="reporter-Command_line_suite" class="panel">
          <div class="main-panel-header rounded-window-top">
            <span class="header-content">Reporter output for Command line suite</span>
          </div> <!-- main-panel-header rounded-window-top -->
          <div class="main-panel-content rounded-window-bottom">
          </div> <!-- main-panel-content rounded-window-bottom -->
        </div> <!-- panel -->
        <div panel-name="ignored-methods-Command_line_suite" class="panel">
          <div class="main-panel-header rounded-window-top">
            <span class="header-content">0 ignored methods</span>
          </div> <!-- main-panel-header rounded-window-top -->
          <div class="main-panel-content rounded-window-bottom">
          </div> <!-- main-panel-content rounded-window-bottom -->
        </div> <!-- panel -->
        <div panel-name="chronological-Command_line_suite" class="panel">
          <div class="main-panel-header rounded-window-top">
            <span class="header-content">Methods in chronological order</span>
          </div> <!-- main-panel-header rounded-window-top -->
          <div class="main-panel-content rounded-window-bottom">
            <div class="chronological-class">
              <div class="chronological-class-name">TestCases.ElementsPagesTest.ButtonsTest</div> <!-- chronological-class-name -->
              <div class="configuration-class before">
                <span class="method-name">setupTest</span>
                <span class="method-start">0 ms</span>
              </div> <!-- configuration-class before -->
              <div class="test-method">
                <span class="method-name">TC_001_Click_3Buttons_respectively</span>
                <span class="method-start">20794 ms</span>
              </div> <!-- test-method -->
              <div class="configuration-method after">
                <span class="method-name">refreshWindow</span>
                <span class="method-start">21655 ms</span>
              </div> <!-- configuration-method after -->
              <div class="test-method">
                <span class="method-name">TC_002_Click_DoubleClick</span>
                <span class="method-start">24768 ms</span>
              </div> <!-- test-method -->
              <div class="configuration-method after">
                <span class="method-name">refreshWindow</span>
                <span class="method-start">24964 ms</span>
              </div> <!-- configuration-method after -->
              <div class="test-method">
                <img src="failed.png">
                </img>
                <span class="method-name">TC_003_Click_RightClick</span>
                <span class="method-start">25834 ms</span>
              </div> <!-- test-method -->
              <div class="configuration-method after">
                <img src="failed.png">
                </img>
                <span class="method-name">refreshWindow</span>
                <span class="method-start">26893 ms</span>
              </div> <!-- configuration-method after -->
              <div class="test-method">
                <span class="method-name">TC_004_Click_ClickMe</span>
                <span class="method-start">26949 ms</span>
              </div> <!-- test-method -->
              <div class="configuration-method after">
                <span class="method-name">refreshWindow</span>
                <span class="method-start">26952 ms</span>
              </div> <!-- configuration-method after -->
              <div class="configuration-class after">
                <span class="method-name">closeBrowser</span>
                <span class="method-start">26955 ms</span>
              </div> <!-- configuration-class after -->
            </div> <!-- chronological-class -->
            <div class="chronological-class">
              <div class="chronological-class-name">TestCases.ElementsPagesTest.CheckBoxTest</div> <!-- chronological-class-name -->
              <div class="configuration-class before">
                <img src="failed.png">
                </img>
                <span class="method-name">setupTest</span>
                <span class="method-start">26957 ms</span>
              </div> <!-- configuration-class before -->
              <div class="test-method">
                <span class="method-name">TC_0001_Check_HomeBox_And_Verify_HomeBox_Checked</span>
                <span class="method-start">52108 ms</span>
              </div> <!-- test-method -->
              <div class="configuration-method after">
                <span class="method-name">refreshWindow</span>
                <span class="method-start">52110 ms</span>
              </div> <!-- configuration-method after -->
              <div class="test-method">
                <span class="method-name">TC_0002_CheckOfficeBox_And_Verify_OfficeBox_Checked</span>
                <span class="method-start">52112 ms</span>
              </div> <!-- test-method -->
              <div class="configuration-method after">
                <span class="method-name">refreshWindow</span>
                <span class="method-start">52114 ms</span>
              </div> <!-- configuration-method after -->
              <div class="configuration-class after">
                <span class="method-name">closeBrowser</span>
                <span class="method-start">52115 ms</span>
              </div> <!-- configuration-class after -->
            </div> <!-- chronological-class -->
            <div class="chronological-class">
              <div class="chronological-class-name">TestCases.ElementsPagesTest.DynamicPropertiesTest</div> <!-- chronological-class-name -->
              <div class="configuration-class before">
                <span class="method-name">setupTest</span>
                <span class="method-start">52116 ms</span>
              </div> <!-- configuration-class before -->
              <div class="test-method">
                <span class="method-name">TC_001_verify_EnabledAfter5SButton</span>
                <span class="method-start">63473 ms</span>
              </div> <!-- test-method -->
              <div class="configuration-method after">
                <span class="method-name">refreshWindow</span>
                <span class="method-start">72529 ms</span>
              </div> <!-- configuration-method after -->
              <div class="configuration-class after">
                <span class="method-name">closeBrowser</span>
                <span class="method-start">72538 ms</span>
              </div> <!-- configuration-class after -->
            </div> <!-- chronological-class -->
            <div class="chronological-class">
              <div class="chronological-class-name">TestCases.ElementsPagesTest.LinksTest</div> <!-- chronological-class-name -->
              <div class="configuration-class before">
                <span class="method-name">setupTest</span>
                <span class="method-start">73978 ms</span>
              </div> <!-- configuration-class before -->
              <div class="test-method">
                <span class="method-name">TC_001</span>
                <span class="method-start">82371 ms</span>
              </div> <!-- test-method -->
              <div class="configuration-method after">
                <span class="method-name">refreshWindow</span>
                <span class="method-start">82653 ms</span>
              </div> <!-- configuration-method after -->
              <div class="configuration-class after">
                <span class="method-name">closeBrowser</span>
                <span class="method-start">90226 ms</span>
              </div> <!-- configuration-class after -->
            </div> <!-- chronological-class -->
            <div class="chronological-class">
              <div class="chronological-class-name">TestCases.ElementsPagesTest.RadioButtonTest</div> <!-- chronological-class-name -->
              <div class="configuration-class before">
                <span class="method-name">setupTest</span>
                <span class="method-start">91253 ms</span>
              </div> <!-- configuration-class before -->
              <div class="test-method">
                <span class="method-name">TC_001</span>
                <span class="method-start">99688 ms</span>
              </div> <!-- test-method -->
              <div class="configuration-method after">
                <span class="method-name">refreshWindow</span>
                <span class="method-start">100065 ms</span>
              </div> <!-- configuration-method after -->
              <div class="configuration-class after">
                <span class="method-name">closeBrowser</span>
                <span class="method-start">103229 ms</span>
              </div> <!-- configuration-class after -->
            </div> <!-- chronological-class -->
            <div class="chronological-class">
              <div class="chronological-class-name">TestCases.ElementsPagesTest.TextBoxTest</div> <!-- chronological-class-name -->
              <div class="configuration-class before">
                <span class="method-name">setupTest</span>
                <span class="method-start">104190 ms</span>
              </div> <!-- configuration-class before -->
              <div class="test-method">
                <span class="method-name">TC_001_Submit_TextBox_with_fullInformation_Successfully</span>
                <span class="method-start">120554 ms</span>
              </div> <!-- test-method -->
              <div class="configuration-method after">
                <span class="method-name">refreshWindow</span>
                <span class="method-start">121035 ms</span>
              </div> <!-- configuration-method after -->
              <div class="test-method">
                <span class="method-name">TC_002_Submit_TextBox_without_anyInformation_Successfully</span>
                <span class="method-start">121103 ms</span>
              </div> <!-- test-method -->
              <div class="configuration-method after">
                <span class="method-name">refreshWindow</span>
                <span class="method-start">129796 ms</span>
              </div> <!-- configuration-method after -->
              <div class="test-method">
                <span class="method-name">TC_003_Cannot_Submit_TextBox_with_invalidEmailFormat</span>
                <span class="method-start">136808 ms</span>
              </div> <!-- test-method -->
              <div class="configuration-method after">
                <span class="method-name">refreshWindow</span>
                <span class="method-start">137196 ms</span>
              </div> <!-- configuration-method after -->
              <div class="test-method">
                <span class="method-name">TC_004_Submit_TextBox_without_FullName_Successfully</span>
                <span class="method-start">140858 ms</span>
              </div> <!-- test-method -->
              <div class="configuration-method after">
                <span class="method-name">refreshWindow</span>
                <span class="method-start">141436 ms</span>
              </div> <!-- configuration-method after -->
              <div class="configuration-class after">
                <span class="method-name">closeBrowser</span>
                <span class="method-start">142691 ms</span>
              </div> <!-- configuration-class after -->
            </div> <!-- chronological-class -->
            <div class="chronological-class">
              <div class="chronological-class-name">TestCases.ElementsPagesTest.UploadDownloadTest</div> <!-- chronological-class-name -->
              <div class="configuration-class before">
                <span class="method-name">setupTest</span>
                <span class="method-start">144368 ms</span>
              </div> <!-- configuration-class before -->
              <div class="test-method">
                <span class="method-name">TC_001_UploadFileSuccessfully</span>
                <span class="method-start">170394 ms</span>
              </div> <!-- test-method -->
              <div class="configuration-method after">
                <span class="method-name">refreshWindow</span>
                <span class="method-start">170657 ms</span>
              </div> <!-- configuration-method after -->
              <div class="test-method">
                <span class="method-name">TC_002_DownloadFileSuccessfully</span>
                <span class="method-start">170793 ms</span>
              </div> <!-- test-method -->
              <div class="configuration-method after">
                <span class="method-name">refreshWindow</span>
                <span class="method-start">174859 ms</span>
              </div> <!-- configuration-method after -->
              <div class="configuration-class after">
                <span class="method-name">closeBrowser</span>
                <span class="method-start">175610 ms</span>
              </div> <!-- configuration-class after -->
          </div> <!-- main-panel-content rounded-window-bottom -->
        </div> <!-- panel -->
      </div> <!-- main-panel-root -->
    </div> <!-- wrapper -->
  </body>
<script type="text/javascript" src="testng-reports2.js"></script>
</html>
